[2023-01-29 18:59:09] local.ERROR: SQLSTATE[42S21]: Column already exists: 1060 Duplicate column name 'itinerary_types_id' (SQL: alter table `itineraries` add `itinerary_types_id` bigint unsigned not null) {"exception":"[object] (Illuminate\\Database\\QueryException(code: 42S21): SQLSTATE[42S21]: Column already exists: 1060 Duplicate column name 'itinerary_types_id' (SQL: alter table `itineraries` add `itinerary_types_id` bigint unsigned not null) at D:\\Work\\Project's\\Vamos\\vamos_desgin\\vamos-viajando\\vendor\\laravel\\framework\\src\\Illuminate\\Database\\Connection.php:664, PDOException(code: 42S21): SQLSTATE[42S21]: Column already exists: 1060 Duplicate column name 'itinerary_types_id' at D:\\Work\\Project's\\Vamos\\vamos_desgin\\vamos-viajando\\vendor\\laravel\\framework\\src\\Illuminate\\Database\\Connection.php:458)
[stacktrace]
#0 D:\\Work\\Project's\\Vamos\\vamos_desgin\\vamos-viajando\\vendor\\laravel\\framework\\src\\Illuminate\\Database\\Connection.php(624): Illuminate\\Database\\Connection->runQueryCallback('alter table `it...', Array, Object(Closure))
#1 D:\\Work\\Project's\\Vamos\\vamos_desgin\\vamos-viajando\\vendor\\laravel\\framework\\src\\Illuminate\\Database\\Connection.php(459): Illuminate\\Database\\Connection->run('alter table `it...', Array, Object(Closure))
#2 D:\\Work\\Project's\\Vamos\\vamos_desgin\\vamos-viajando\\vendor\\laravel\\framework\\src\\Illuminate\\Database\\Schema\\Blueprint.php(97): Illuminate\\Database\\Connection->statement('alter table `it...')
#3 D:\\Work\\Project's\\Vamos\\vamos_desgin\\vamos-viajando\\vendor\\laravel\\framework\\src\\Illuminate\\Database\\Schema\\Builder.php(278): Illuminate\\Database\\Schema\\Blueprint->build(Object(Illuminate\\Database\\MySqlConnection), Object(Illuminate\\Database\\Schema\\Grammars\\MySqlGrammar))
#4 D:\\Work\\Project's\\Vamos\\vamos_desgin\\vamos-viajando\\vendor\\laravel\\framework\\src\\Illuminate\\Database\\Schema\\Builder.php(151): Illuminate\\Database\\Schema\\Builder->build(Object(Illuminate\\Database\\Schema\\Blueprint))
#5 D:\\Work\\Project's\\Vamos\\vamos_desgin\\vamos-viajando\\vendor\\laravel\\framework\\src\\Illuminate\\Support\\Facades\\Facade.php(239): Illuminate\\Database\\Schema\\Builder->table('itineraries', Object(Closure))
#6 D:\\Work\\Project's\\Vamos\\vamos_desgin\\vamos-viajando\\database\\migrations\\2022_12_20_165632_add_itinerary_types_id_to_itineraries.php(19): Illuminate\\Support\\Facades\\Facade::__callStatic('table', Array)
#7 D:\\Work\\Project's\\Vamos\\vamos_desgin\\vamos-viajando\\vendor\\laravel\\framework\\src\\Illuminate\\Database\\Migrations\\Migrator.php(387): AddItineraryTypesIdToItineraries->up()
#8 D:\\Work\\Project's\\Vamos\\vamos_desgin\\vamos-viajando\\vendor\\laravel\\framework\\src\\Illuminate\\Database\\Migrations\\Migrator.php(396): Illuminate\\Database\\Migrations\\Migrator->Illuminate\\Database\\Migrations\\{closure}()
#9 D:\\Work\\Project's\\Vamos\\vamos_desgin\\vamos-viajando\\vendor\\laravel\\framework\\src\\Illuminate\\Database\\Migrations\\Migrator.php(197): Illuminate\\Database\\Migrations\\Migrator->runMigration(Object(AddItineraryTypesIdToItineraries), 'up')
#10 D:\\Work\\Project's\\Vamos\\vamos_desgin\\vamos-viajando\\vendor\\laravel\\framework\\src\\Illuminate\\Database\\Migrations\\Migrator.php(162): Illuminate\\Database\\Migrations\\Migrator->runUp('D:\\\\Work\\\\Project...', 39, false)
#11 D:\\Work\\Project's\\Vamos\\vamos_desgin\\vamos-viajando\\vendor\\laravel\\framework\\src\\Illuminate\\Database\\Migrations\\Migrator.php(109): Illuminate\\Database\\Migrations\\Migrator->runPending(Array, Array)
#12 D:\\Work\\Project's\\Vamos\\vamos_desgin\\vamos-viajando\\vendor\\laravel\\framework\\src\\Illuminate\\Database\\Console\\Migrations\\MigrateCommand.php(71): Illuminate\\Database\\Migrations\\Migrator->run(Array, Array)
#13 [internal function]: Illuminate\\Database\\Console\\Migrations\\MigrateCommand->handle()
#14 D:\\Work\\Project's\\Vamos\\vamos_desgin\\vamos-viajando\\vendor\\laravel\\framework\\src\\Illuminate\\Container\\BoundMethod.php(32): call_user_func_array(Array, Array)
#15 D:\\Work\\Project's\\Vamos\\vamos_desgin\\vamos-viajando\\vendor\\laravel\\framework\\src\\Illuminate\\Container\\BoundMethod.php(90): Illuminate\\Container\\BoundMethod::Illuminate\\Container\\{closure}()
#16 D:\\Work\\Project's\\Vamos\\vamos_desgin\\vamos-viajando\\vendor\\laravel\\framework\\src\\Illuminate\\Container\\BoundMethod.php(34): Illuminate\\Container\\BoundMethod::callBoundMethod(Object(Illuminate\\Foundation\\Application), Array, Object(Closure))
#17 D:\\Work\\Project's\\Vamos\\vamos_desgin\\vamos-viajando\\vendor\\laravel\\framework\\src\\Illuminate\\Container\\Container.php(576): Illuminate\\Container\\BoundMethod::call(Object(Illuminate\\Foundation\\Application), Array, Array, NULL)
#18 D:\\Work\\Project's\\Vamos\\vamos_desgin\\vamos-viajando\\vendor\\laravel\\framework\\src\\Illuminate\\Console\\Command.php(183): Illuminate\\Container\\Container->call(Array)
#19 D:\\Work\\Project's\\Vamos\\vamos_desgin\\vamos-viajando\\vendor\\symfony\\console\\Command\\Command.php(255): Illuminate\\Console\\Command->execute(Object(Symfony\\Component\\Console\\Input\\ArgvInput), Object(Illuminate\\Console\\OutputStyle))
#20 D:\\Work\\Project's\\Vamos\\vamos_desgin\\vamos-viajando\\vendor\\laravel\\framework\\src\\Illuminate\\Console\\Command.php(170): Symfony\\Component\\Console\\Command\\Command->run(Object(Symfony\\Component\\Console\\Input\\ArgvInput), Object(Illuminate\\Console\\OutputStyle))
#21 D:\\Work\\Project's\\Vamos\\vamos_desgin\\vamos-viajando\\vendor\\symfony\\console\\Application.php(1009): Illuminate\\Console\\Command->run(Object(Symfony\\Component\\Console\\Input\\ArgvInput), Object(Symfony\\Component\\Console\\Output\\ConsoleOutput))
#22 D:\\Work\\Project's\\Vamos\\vamos_desgin\\vamos-viajando\\vendor\\symfony\\console\\Application.php(273): Symfony\\Component\\Console\\Application->doRunCommand(Object(Illuminate\\Database\\Console\\Migrations\\MigrateCommand), Object(Symfony\\Component\\Console\\Input\\ArgvInput), Object(Symfony\\Component\\Console\\Output\\ConsoleOutput))
#23 D:\\Work\\Project's\\Vamos\\vamos_desgin\\vamos-viajando\\vendor\\symfony\\console\\Application.php(149): Symfony\\Component\\Console\\Application->doRun(Object(Symfony\\Component\\Console\\Input\\ArgvInput), Object(Symfony\\Component\\Console\\Output\\ConsoleOutput))
#24 D:\\Work\\Project's\\Vamos\\vamos_desgin\\vamos-viajando\\vendor\\laravel\\framework\\src\\Illuminate\\Console\\Application.php(90): Symfony\\Component\\Console\\Application->run(Object(Symfony\\Component\\Console\\Input\\ArgvInput), Object(Symfony\\Component\\Console\\Output\\ConsoleOutput))
#25 D:\\Work\\Project's\\Vamos\\vamos_desgin\\vamos-viajando\\vendor\\laravel\\framework\\src\\Illuminate\\Foundation\\Console\\Kernel.php(133): Illuminate\\Console\\Application->run(Object(Symfony\\Component\\Console\\Input\\ArgvInput), Object(Symfony\\Component\\Console\\Output\\ConsoleOutput))
#26 D:\\Work\\Project's\\Vamos\\vamos_desgin\\vamos-viajando\\artisan(37): Illuminate\\Foundation\\Console\\Kernel->handle(Object(Symfony\\Component\\Console\\Input\\ArgvInput), Object(Symfony\\Component\\Console\\Output\\ConsoleOutput))
#27 {main}
"} 
[2023-01-29 19:39:28] local.ERROR: Undefined variable: package (View: D:\Work\Project's\Vamos\vamos_desgin\vamos-viajando\resources\views\admin\faqs\edit.blade.php) {"userId":1,"exception":"[object] (ErrorException(code: 0): Undefined variable: package (View: D:\\Work\\Project's\\Vamos\\vamos_desgin\\vamos-viajando\esources\\views\\admin\\faqs\\edit.blade.php) at D:\\Work\\Project's\\Vamos\\vamos_desgin\\vamos-viajando\\storage\\framework\\views\\354892919df0fddaf4c3a4524a12b7c35bcce39e.php:41, ErrorException(code: 0): Undefined variable: package at D:\\Work\\Project's\\Vamos\\vamos_desgin\\vamos-viajando\\storage\\framework\\views\\354892919df0fddaf4c3a4524a12b7c35bcce39e.php:41)
[stacktrace]
#0 D:\\Work\\Project's\\Vamos\\vamos_desgin\\vamos-viajando\\vendor\\laravel\\framework\\src\\Illuminate\\View\\Engines\\PhpEngine.php(45): Illuminate\\View\\Engines\\CompilerEngine->handleViewException(Object(ErrorException), 1)
#1 D:\\Work\\Project's\\Vamos\\vamos_desgin\\vamos-viajando\\vendor\\laravel\\framework\\src\\Illuminate\\View\\Engines\\CompilerEngine.php(59): Illuminate\\View\\Engines\\PhpEngine->evaluatePath('D:\\\\Work\\\\Project...', Array)
#2 D:\\Work\\Project's\\Vamos\\vamos_desgin\\vamos-viajando\\vendor\\laravel\\framework\\src\\Illuminate\\View\\View.php(142): Illuminate\\View\\Engines\\CompilerEngine->get('D:\\\\Work\\\\Project...', Array)
#3 D:\\Work\\Project's\\Vamos\\vamos_desgin\\vamos-viajando\\vendor\\laravel\\framework\\src\\Illuminate\\View\\View.php(125): Illuminate\\View\\View->getContents()
#4 D:\\Work\\Project's\\Vamos\\vamos_desgin\\vamos-viajando\\vendor\\laravel\\framework\\src\\Illuminate\\View\\View.php(90): Illuminate\\View\\View->renderContents()
#5 D:\\Work\\Project's\\Vamos\\vamos_desgin\\vamos-viajando\\vendor\\laravel\\framework\\src\\Illuminate\\Http\\Response.php(42): Illuminate\\View\\View->render()
#6 D:\\Work\\Project's\\Vamos\\vamos_desgin\\vamos-viajando\\vendor\\symfony\\http-foundation\\Response.php(205): Illuminate\\Http\\Response->setContent(Object(Illuminate\\View\\View))
#7 D:\\Work\\Project's\\Vamos\\vamos_desgin\\vamos-viajando\\vendor\\laravel\\framework\\src\\Illuminate\\Routing\\Router.php(748): Symfony\\Component\\HttpFoundation\\Response->__construct(Object(Illuminate\\View\\View))
#8 D:\\Work\\Project's\\Vamos\\vamos_desgin\\vamos-viajando\\vendor\\laravel\\framework\\src\\Illuminate\\Routing\\Router.php(720): Illuminate\\Routing\\Router::toResponse(Object(Illuminate\\Http\\Request), Object(Illuminate\\View\\View))
#9 D:\\Work\\Project's\\Vamos\\vamos_desgin\\vamos-viajando\\vendor\\laravel\\framework\\src\\Illuminate\\Routing\\Router.php(680): Illuminate\\Routing\\Router->prepareResponse(Object(Illuminate\\Http\\Request), Object(Illuminate\\View\\View))
#10 D:\\Work\\Project's\\Vamos\\vamos_desgin\\vamos-viajando\\vendor\\laravel\\framework\\src\\Illuminate\\Routing\\Pipeline.php(30): Illuminate\\Routing\\Router->Illuminate\\Routing\\{closure}(Object(Illuminate\\Http\\Request))
#11 D:\\Work\\Project's\\Vamos\\vamos_desgin\\vamos-viajando\\app\\Http\\Middleware\\isAdmin.php(21): Illuminate\\Routing\\Pipeline->Illuminate\\Routing\\{closure}(Object(Illuminate\\Http\\Request))
#12 D:\\Work\\Project's\\Vamos\\vamos_desgin\\vamos-viajando\\vendor\\laravel\\framework\\src\\Illuminate\\Pipeline\\Pipeline.php(163): App\\Http\\Middleware\\isAdmin->handle(Object(Illuminate\\Http\\Request), Object(Closure))
#13 D:\\Work\\Project's\\Vamos\\vamos_desgin\\vamos-viajando\\vendor\\laravel\\framework\\src\\Illuminate\\Routing\\Pipeline.php(53): Illuminate\\Pipeline\\Pipeline->Illuminate\\Pipeline\\{closure}(Object(Illuminate\\Http\\Request))
#14 D:\\Work\\Project's\\Vamos\\vamos_desgin\\vamos-viajando\\vendor\\laravel\\framework\\src\\Illuminate\\Routing\\Middleware\\SubstituteBindings.php(41): Illuminate\\Routing\\Pipeline->Illuminate\\Routing\\{closure}(Object(Illuminate\\Http\\Request))
#15 D:\\Work\\Project's\\Vamos\\vamos_desgin\\vamos-viajando\\vendor\\laravel\\framework\\src\\Illuminate\\Pipeline\\Pipeline.php(163): Illuminate\\Routing\\Middleware\\SubstituteBindings->handle(Object(Illuminate\\Http\\Request), Object(Closure))
#16 D:\\Work\\Project's\\Vamos\\vamos_desgin\\vamos-viajando\\vendor\\laravel\\framework\\src\\Illuminate\\Routing\\Pipeline.php(53): Illuminate\\Pipeline\\Pipeline->Illuminate\\Pipeline\\{closure}(Object(Illuminate\\Http\\Request))
#17 D:\\Work\\Project's\\Vamos\\vamos_desgin\\vamos-viajando\\vendor\\laravel\\framework\\src\\Illuminate\\Auth\\Middleware\\Authenticate.php(43): Illuminate\\Routing\\Pipeline->Illuminate\\Routing\\{closure}(Object(Illuminate\\Http\\Request))
#18 D:\\Work\\Project's\\Vamos\\vamos_desgin\\vamos-viajando\\vendor\\laravel\\framework\\src\\Illuminate\\Pipeline\\Pipeline.php(163): Illuminate\\Auth\\Middleware\\Authenticate->handle(Object(Illuminate\\Http\\Request), Object(Closure))
#19 D:\\Work\\Project's\\Vamos\\vamos_desgin\\vamos-viajando\\vendor\\laravel\\framework\\src\\Illuminate\\Routing\\Pipeline.php(53): Illuminate\\Pipeline\\Pipeline->Illuminate\\Pipeline\\{closure}(Object(Illuminate\\Http\\Request))
#20 D:\\Work\\Project's\\Vamos\\vamos_desgin\\vamos-viajando\\vendor\\laravel\\framework\\src\\Illuminate\\Foundation\\Http\\Middleware\\VerifyCsrfToken.php(75): Illuminate\\Routing\\Pipeline->Illuminate\\Routing\\{closure}(Object(Illuminate\\Http\\Request))
#21 D:\\Work\\Project's\\Vamos\\vamos_desgin\\vamos-viajando\\vendor\\laravel\\framework\\src\\Illuminate\\Pipeline\\Pipeline.php(163): Illuminate\\Foundation\\Http\\Middleware\\VerifyCsrfToken->handle(Object(Illuminate\\Http\\Request), Object(Closure))
#22 D:\\Work\\Project's\\Vamos\\vamos_desgin\\vamos-viajando\\vendor\\laravel\\framework\\src\\Illuminate\\Routing\\Pipeline.php(53): Illuminate\\Pipeline\\Pipeline->Illuminate\\Pipeline\\{closure}(Object(Illuminate\\Http\\Request))
#23 D:\\Work\\Project's\\Vamos\\vamos_desgin\\vamos-viajando\\vendor\\laravel\\framework\\src\\Illuminate\\View\\Middleware\\ShareErrorsFromSession.php(49): Illuminate\\Routing\\Pipeline->Illuminate\\Routing\\{closure}(Object(Illuminate\\Http\\Request))
#24 D:\\Work\\Project's\\Vamos\\vamos_desgin\\vamos-viajando\\vendor\\laravel\\framework\\src\\Illuminate\\Pipeline\\Pipeline.php(163): Illuminate\\View\\Middleware\\ShareErrorsFromSession->handle(Object(Illuminate\\Http\\Request), Object(Closure))
#25 D:\\Work\\Project's\\Vamos\\vamos_desgin\\vamos-viajando\\vendor\\laravel\\framework\\src\\Illuminate\\Routing\\Pipeline.php(53): Illuminate\\Pipeline\\Pipeline->Illuminate\\Pipeline\\{closure}(Object(Illuminate\\Http\\Request))
#26 D:\\Work\\Project's\\Vamos\\vamos_desgin\\vamos-viajando\\vendor\\laravel\\framework\\src\\Illuminate\\Session\\Middleware\\StartSession.php(56): Illuminate\\Routing\\Pipeline->Illuminate\\Routing\\{closure}(Object(Illuminate\\Http\\Request))
#27 D:\\Work\\Project's\\Vamos\\vamos_desgin\\vamos-viajando\\vendor\\laravel\\framework\\src\\Illuminate\\Pipeline\\Pipeline.php(163): Illuminate\\Session\\Middleware\\StartSession->handle(Object(Illuminate\\Http\\Request), Object(Closure))
#28 D:\\Work\\Project's\\Vamos\\vamos_desgin\\vamos-viajando\\vendor\\laravel\\framework\\src\\Illuminate\\Routing\\Pipeline.php(53): Illuminate\\Pipeline\\Pipeline->Illuminate\\Pipeline\\{closure}(Object(Illuminate\\Http\\Request))
#29 D:\\Work\\Project's\\Vamos\\vamos_desgin\\vamos-viajando\\vendor\\laravel\\framework\\src\\Illuminate\\Cookie\\Middleware\\AddQueuedCookiesToResponse.php(37): Illuminate\\Routing\\Pipeline->Illuminate\\Routing\\{closure}(Object(Illuminate\\Http\\Request))
#30 D:\\Work\\Project's\\Vamos\\vamos_desgin\\vamos-viajando\\vendor\\laravel\\framework\\src\\Illuminate\\Pipeline\\Pipeline.php(163): Illuminate\\Cookie\\Middleware\\AddQueuedCookiesToResponse->handle(Object(Illuminate\\Http\\Request), Object(Closure))
#31 D:\\Work\\Project's\\Vamos\\vamos_desgin\\vamos-viajando\\vendor\\laravel\\framework\\src\\Illuminate\\Routing\\Pipeline.php(53): Illuminate\\Pipeline\\Pipeline->Illuminate\\Pipeline\\{closure}(Object(Illuminate\\Http\\Request))
#32 D:\\Work\\Project's\\Vamos\\vamos_desgin\\vamos-viajando\\vendor\\laravel\\framework\\src\\Illuminate\\Cookie\\Middleware\\EncryptCookies.php(66): Illuminate\\Routing\\Pipeline->Illuminate\\Routing\\{closure}(Object(Illuminate\\Http\\Request))
#33 D:\\Work\\Project's\\Vamos\\vamos_desgin\\vamos-viajando\\vendor\\laravel\\framework\\src\\Illuminate\\Pipeline\\Pipeline.php(163): Illuminate\\Cookie\\Middleware\\EncryptCookies->handle(Object(Illuminate\\Http\\Request), Object(Closure))
#34 D:\\Work\\Project's\\Vamos\\vamos_desgin\\vamos-viajando\\vendor\\laravel\\framework\\src\\Illuminate\\Routing\\Pipeline.php(53): Illuminate\\Pipeline\\Pipeline->Illuminate\\Pipeline\\{closure}(Object(Illuminate\\Http\\Request))
#35 D:\\Work\\Project's\\Vamos\\vamos_desgin\\vamos-viajando\\vendor\\laravel\\framework\\src\\Illuminate\\Pipeline\\Pipeline.php(104): Illuminate\\Routing\\Pipeline->Illuminate\\Routing\\{closure}(Object(Illuminate\\Http\\Request))
#36 D:\\Work\\Project's\\Vamos\\vamos_desgin\\vamos-viajando\\vendor\\laravel\\framework\\src\\Illuminate\\Routing\\Router.php(682): Illuminate\\Pipeline\\Pipeline->then(Object(Closure))
#37 D:\\Work\\Project's\\Vamos\\vamos_desgin\\vamos-viajando\\vendor\\laravel\\framework\\src\\Illuminate\\Routing\\Router.php(657): Illuminate\\Routing\\Router->runRouteWithinStack(Object(Illuminate\\Routing\\Route), Object(Illuminate\\Http\\Request))
#38 D:\\Work\\Project's\\Vamos\\vamos_desgin\\vamos-viajando\\vendor\\laravel\\framework\\src\\Illuminate\\Routing\\Router.php(623): Illuminate\\Routing\\Router->runRoute(Object(Illuminate\\Http\\Request), Object(Illuminate\\Routing\\Route))
#39 D:\\Work\\Project's\\Vamos\\vamos_desgin\\vamos-viajando\\vendor\\laravel\\framework\\src\\Illuminate\\Routing\\Router.php(612): Illuminate\\Routing\\Router->dispatchToRoute(Object(Illuminate\\Http\\Request))
#40 D:\\Work\\Project's\\Vamos\\vamos_desgin\\vamos-viajando\\vendor\\laravel\\framework\\src\\Illuminate\\Foundation\\Http\\Kernel.php(176): Illuminate\\Routing\\Router->dispatch(Object(Illuminate\\Http\\Request))
#41 D:\\Work\\Project's\\Vamos\\vamos_desgin\\vamos-viajando\\vendor\\laravel\\framework\\src\\Illuminate\\Routing\\Pipeline.php(30): Illuminate\\Foundation\\Http\\Kernel->Illuminate\\Foundation\\Http\\{closure}(Object(Illuminate\\Http\\Request))
#42 D:\\Work\\Project's\\Vamos\\vamos_desgin\\vamos-viajando\\vendor\enatomarinho\\laravel-page-speed\\src\\Middleware\\PageSpeed.php(28): Illuminate\\Routing\\Pipeline->Illuminate\\Routing\\{closure}(Object(Illuminate\\Http\\Request))
#43 D:\\Work\\Project's\\Vamos\\vamos_desgin\\vamos-viajando\\vendor\\laravel\\framework\\src\\Illuminate\\Pipeline\\Pipeline.php(163): RenatoMarinho\\LaravelPageSpeed\\Middleware\\PageSpeed->handle(Object(Illuminate\\Http\\Request), Object(Closure))
#44 D:\\Work\\Project's\\Vamos\\vamos_desgin\\vamos-viajando\\vendor\\laravel\\framework\\src\\Illuminate\\Routing\\Pipeline.php(53): Illuminate\\Pipeline\\Pipeline->Illuminate\\Pipeline\\{closure}(Object(Illuminate\\Http\\Request))
#45 D:\\Work\\Project's\\Vamos\\vamos_desgin\\vamos-viajando\\vendor\enatomarinho\\laravel-page-speed\\src\\Middleware\\PageSpeed.php(28): Illuminate\\Routing\\Pipeline->Illuminate\\Routing\\{closure}(Object(Illuminate\\Http\\Request))
#46 D:\\Work\\Project's\\Vamos\\vamos_desgin\\vamos-viajando\\vendor\\laravel\\framework\\src\\Illuminate\\Pipeline\\Pipeline.php(163): RenatoMarinho\\LaravelPageSpeed\\Middleware\\PageSpeed->handle(Object(Illuminate\\Http\\Request), Object(Closure))
#47 D:\\Work\\Project's\\Vamos\\vamos_desgin\\vamos-viajando\\vendor\\laravel\\framework\\src\\Illuminate\\Routing\\Pipeline.php(53): Illuminate\\Pipeline\\Pipeline->Illuminate\\Pipeline\\{closure}(Object(Illuminate\\Http\\Request))
#48 D:\\Work\\Project's\\Vamos\\vamos_desgin\\vamos-viajando\\vendor\enatomarinho\\laravel-page-speed\\src\\Middleware\\PageSpeed.php(28): Illuminate\\Routing\\Pipeline->Illuminate\\Routing\\{closure}(Object(Illuminate\\Http\\Request))
#49 D:\\Work\\Project's\\Vamos\\vamos_desgin\\vamos-viajando\\vendor\\laravel\\framework\\src\\Illuminate\\Pipeline\\Pipeline.php(163): RenatoMarinho\\LaravelPageSpeed\\Middleware\\PageSpeed->handle(Object(Illuminate\\Http\\Request), Object(Closure))
#50 D:\\Work\\Project's\\Vamos\\vamos_desgin\\vamos-viajando\\vendor\\laravel\\framework\\src\\Illuminate\\Routing\\Pipeline.php(53): Illuminate\\Pipeline\\Pipeline->Illuminate\\Pipeline\\{closure}(Object(Illuminate\\Http\\Request))
#51 D:\\Work\\Project's\\Vamos\\vamos_desgin\\vamos-viajando\\vendor\enatomarinho\\laravel-page-speed\\src\\Middleware\\PageSpeed.php(28): Illuminate\\Routing\\Pipeline->Illuminate\\Routing\\{closure}(Object(Illuminate\\Http\\Request))
#52 D:\\Work\\Project's\\Vamos\\vamos_desgin\\vamos-viajando\\vendor\\laravel\\framework\\src\\Illuminate\\Pipeline\\Pipeline.php(163): RenatoMarinho\\LaravelPageSpeed\\Middleware\\PageSpeed->handle(Object(Illuminate\\Http\\Request), Object(Closure))
#53 D:\\Work\\Project's\\Vamos\\vamos_desgin\\vamos-viajando\\vendor\\laravel\\framework\\src\\Illuminate\\Routing\\Pipeline.php(53): Illuminate\\Pipeline\\Pipeline->Illuminate\\Pipeline\\{closure}(Object(Illuminate\\Http\\Request))
#54 D:\\Work\\Project's\\Vamos\\vamos_desgin\\vamos-viajando\\vendor\enatomarinho\\laravel-page-speed\\src\\Middleware\\PageSpeed.php(28): Illuminate\\Routing\\Pipeline->Illuminate\\Routing\\{closure}(Object(Illuminate\\Http\\Request))
#55 D:\\Work\\Project's\\Vamos\\vamos_desgin\\vamos-viajando\\vendor\\laravel\\framework\\src\\Illuminate\\Pipeline\\Pipeline.php(163): RenatoMarinho\\LaravelPageSpeed\\Middleware\\PageSpeed->handle(Object(Illuminate\\Http\\Request), Object(Closure))
#56 D:\\Work\\Project's\\Vamos\\vamos_desgin\\vamos-viajando\\vendor\\laravel\\framework\\src\\Illuminate\\Routing\\Pipeline.php(53): Illuminate\\Pipeline\\Pipeline->Illuminate\\Pipeline\\{closure}(Object(Illuminate\\Http\\Request))
#57 D:\\Work\\Project's\\Vamos\\vamos_desgin\\vamos-viajando\\vendor\\fideloper\\proxy\\src\\TrustProxies.php(57): Illuminate\\Routing\\Pipeline->Illuminate\\Routing\\{closure}(Object(Illuminate\\Http\\Request))
#58 D:\\Work\\Project's\\Vamos\\vamos_desgin\\vamos-viajando\\vendor\\laravel\\framework\\src\\Illuminate\\Pipeline\\Pipeline.php(163): Fideloper\\Proxy\\TrustProxies->handle(Object(Illuminate\\Http\\Request), Object(Closure))
#59 D:\\Work\\Project's\\Vamos\\vamos_desgin\\vamos-viajando\\vendor\\laravel\\framework\\src\\Illuminate\\Routing\\Pipeline.php(53): Illuminate\\Pipeline\\Pipeline->Illuminate\\Pipeline\\{closure}(Object(Illuminate\\Http\\Request))
#60 D:\\Work\\Project's\\Vamos\\vamos_desgin\\vamos-viajando\\vendor\\laravel\\framework\\src\\Illuminate\\Foundation\\Http\\Middleware\\TransformsRequest.php(21): Illuminate\\Routing\\Pipeline->Illuminate\\Routing\\{closure}(Object(Illuminate\\Http\\Request))
#61 D:\\Work\\Project's\\Vamos\\vamos_desgin\\vamos-viajando\\vendor\\laravel\\framework\\src\\Illuminate\\Pipeline\\Pipeline.php(163): Illuminate\\Foundation\\Http\\Middleware\\TransformsRequest->handle(Object(Illuminate\\Http\\Request), Object(Closure))
#62 D:\\Work\\Project's\\Vamos\\vamos_desgin\\vamos-viajando\\vendor\\laravel\\framework\\src\\Illuminate\\Routing\\Pipeline.php(53): Illuminate\\Pipeline\\Pipeline->Illuminate\\Pipeline\\{closure}(Object(Illuminate\\Http\\Request))
#63 D:\\Work\\Project's\\Vamos\\vamos_desgin\\vamos-viajando\\vendor\\laravel\\framework\\src\\Illuminate\\Foundation\\Http\\Middleware\\TransformsRequest.php(21): Illuminate\\Routing\\Pipeline->Illuminate\\Routing\\{closure}(Object(Illuminate\\Http\\Request))
#64 D:\\Work\\Project's\\Vamos\\vamos_desgin\\vamos-viajando\\vendor\\laravel\\framework\\src\\Illuminate\\Pipeline\\Pipeline.php(163): Illuminate\\Foundation\\Http\\Middleware\\TransformsRequest->handle(Object(Illuminate\\Http\\Request), Object(Closure))
#65 D:\\Work\\Project's\\Vamos\\vamos_desgin\\vamos-viajando\\vendor\\laravel\\framework\\src\\Illuminate\\Routing\\Pipeline.php(53): Illuminate\\Pipeline\\Pipeline->Illuminate\\Pipeline\\{closure}(Object(Illuminate\\Http\\Request))
#66 D:\\Work\\Project's\\Vamos\\vamos_desgin\\vamos-viajando\\vendor\\laravel\\framework\\src\\Illuminate\\Foundation\\Http\\Middleware\\ValidatePostSize.php(27): Illuminate\\Routing\\Pipeline->Illuminate\\Routing\\{closure}(Object(Illuminate\\Http\\Request))
#67 D:\\Work\\Project's\\Vamos\\vamos_desgin\\vamos-viajando\\vendor\\laravel\\framework\\src\\Illuminate\\Pipeline\\Pipeline.php(163): Illuminate\\Foundation\\Http\\Middleware\\ValidatePostSize->handle(Object(Illuminate\\Http\\Request), Object(Closure))
#68 D:\\Work\\Project's\\Vamos\\vamos_desgin\\vamos-viajando\\vendor\\laravel\\framework\\src\\Illuminate\\Routing\\Pipeline.php(53): Illuminate\\Pipeline\\Pipeline->Illuminate\\Pipeline\\{closure}(Object(Illuminate\\Http\\Request))
#69 D:\\Work\\Project's\\Vamos\\vamos_desgin\\vamos-viajando\\vendor\\laravel\\framework\\src\\Illuminate\\Foundation\\Http\\Middleware\\CheckForMaintenanceMode.php(62): Illuminate\\Routing\\Pipeline->Illuminate\\Routing\\{closure}(Object(Illuminate\\Http\\Request))
#70 D:\\Work\\Project's\\Vamos\\vamos_desgin\\vamos-viajando\\vendor\\laravel\\framework\\src\\Illuminate\\Pipeline\\Pipeline.php(163): Illuminate\\Foundation\\Http\\Middleware\\CheckForMaintenanceMode->handle(Object(Illuminate\\Http\\Request), Object(Closure))
#71 D:\\Work\\Project's\\Vamos\\vamos_desgin\\vamos-viajando\\vendor\\laravel\\framework\\src\\Illuminate\\Routing\\Pipeline.php(53): Illuminate\\Pipeline\\Pipeline->Illuminate\\Pipeline\\{closure}(Object(Illuminate\\Http\\Request))
#72 D:\\Work\\Project's\\Vamos\\vamos_desgin\\vamos-viajando\\vendor\\laravel\\framework\\src\\Illuminate\\Pipeline\\Pipeline.php(104): Illuminate\\Routing\\Pipeline->Illuminate\\Routing\\{closure}(Object(Illuminate\\Http\\Request))
#73 D:\\Work\\Project's\\Vamos\\vamos_desgin\\vamos-viajando\\vendor\\laravel\\framework\\src\\Illuminate\\Foundation\\Http\\Kernel.php(151): Illuminate\\Pipeline\\Pipeline->then(Object(Closure))
#74 D:\\Work\\Project's\\Vamos\\vamos_desgin\\vamos-viajando\\vendor\\laravel\\framework\\src\\Illuminate\\Foundation\\Http\\Kernel.php(116): Illuminate\\Foundation\\Http\\Kernel->sendRequestThroughRouter(Object(Illuminate\\Http\\Request))
#75 D:\\Work\\Project's\\Vamos\\vamos_desgin\\vamos-viajando\\public\\index.php(55): Illuminate\\Foundation\\Http\\Kernel->handle(Object(Illuminate\\Http\\Request))
#76 D:\\Work\\Project's\\Vamos\\vamos_desgin\\vamos-viajando\\server.php(21): require_once('D:\\\\Work\\\\Project...')
#77 {main}
"} 
[2023-01-29 19:48:28] local.ERROR: Undefined variable: request {"exception":"[object] (ErrorException(code: 0): Undefined variable: request at D:\\Work\\Project's\\Vamos\\vamos_desgin\\vamos-viajando\\app\\Providers\\AppServiceProvider.php:75)
[stacktrace]
#0 D:\\Work\\Project's\\Vamos\\vamos_desgin\\vamos-viajando\\app\\Providers\\AppServiceProvider.php(75): Illuminate\\Foundation\\Bootstrap\\HandleExceptions->handleError(8, 'Undefined varia...', 'D:\\\\Work\\\\Project...', 75, Array)
#1 [internal function]: App\\Providers\\AppServiceProvider->boot()
#2 D:\\Work\\Project's\\Vamos\\vamos_desgin\\vamos-viajando\\vendor\\laravel\\framework\\src\\Illuminate\\Container\\BoundMethod.php(32): call_user_func_array(Array, Array)
#3 D:\\Work\\Project's\\Vamos\\vamos_desgin\\vamos-viajando\\vendor\\laravel\\framework\\src\\Illuminate\\Container\\BoundMethod.php(90): Illuminate\\Container\\BoundMethod::Illuminate\\Container\\{closure}()
#4 D:\\Work\\Project's\\Vamos\\vamos_desgin\\vamos-viajando\\vendor\\laravel\\framework\\src\\Illuminate\\Container\\BoundMethod.php(34): Illuminate\\Container\\BoundMethod::callBoundMethod(Object(Illuminate\\Foundation\\Application), Array, Object(Closure))
#5 D:\\Work\\Project's\\Vamos\\vamos_desgin\\vamos-viajando\\vendor\\laravel\\framework\\src\\Illuminate\\Container\\Container.php(576): Illuminate\\Container\\BoundMethod::call(Object(Illuminate\\Foundation\\Application), Array, Array, NULL)
#6 D:\\Work\\Project's\\Vamos\\vamos_desgin\\vamos-viajando\\vendor\\laravel\\framework\\src\\Illuminate\\Foundation\\Application.php(827): Illuminate\\Container\\Container->call(Array)
#7 D:\\Work\\Project's\\Vamos\\vamos_desgin\\vamos-viajando\\vendor\\laravel\\framework\\src\\Illuminate\\Foundation\\Application.php(810): Illuminate\\Foundation\\Application->bootProvider(Object(App\\Providers\\AppServiceProvider))
#8 [internal function]: Illuminate\\Foundation\\Application->Illuminate\\Foundation\\{closure}(Object(App\\Providers\\AppServiceProvider), 23)
#9 D:\\Work\\Project's\\Vamos\\vamos_desgin\\vamos-viajando\\vendor\\laravel\\framework\\src\\Illuminate\\Foundation\\Application.php(811): array_walk(Array, Object(Closure))
#10 D:\\Work\\Project's\\Vamos\\vamos_desgin\\vamos-viajando\\vendor\\laravel\\framework\\src\\Illuminate\\Foundation\\Bootstrap\\BootProviders.php(17): Illuminate\\Foundation\\Application->boot()
#11 D:\\Work\\Project's\\Vamos\\vamos_desgin\\vamos-viajando\\vendor\\laravel\\framework\\src\\Illuminate\\Foundation\\Application.php(210): Illuminate\\Foundation\\Bootstrap\\BootProviders->bootstrap(Object(Illuminate\\Foundation\\Application))
#12 D:\\Work\\Project's\\Vamos\\vamos_desgin\\vamos-viajando\\vendor\\laravel\\framework\\src\\Illuminate\\Foundation\\Http\\Kernel.php(162): Illuminate\\Foundation\\Application->bootstrapWith(Array)
#13 D:\\Work\\Project's\\Vamos\\vamos_desgin\\vamos-viajando\\vendor\\laravel\\framework\\src\\Illuminate\\Foundation\\Http\\Kernel.php(146): Illuminate\\Foundation\\Http\\Kernel->bootstrap()
#14 D:\\Work\\Project's\\Vamos\\vamos_desgin\\vamos-viajando\\vendor\\laravel\\framework\\src\\Illuminate\\Foundation\\Http\\Kernel.php(116): Illuminate\\Foundation\\Http\\Kernel->sendRequestThroughRouter(Object(Illuminate\\Http\\Request))
#15 D:\\Work\\Project's\\Vamos\\vamos_desgin\\vamos-viajando\\public\\index.php(55): Illuminate\\Foundation\\Http\\Kernel->handle(Object(Illuminate\\Http\\Request))
#16 D:\\Work\\Project's\\Vamos\\vamos_desgin\\vamos-viajando\\server.php(21): require_once('D:\\\\Work\\\\Project...')
#17 {main}
"} 
[2023-01-29 19:48:29] local.ERROR: Undefined variable: request {"exception":"[object] (ErrorException(code: 0): Undefined variable: request at D:\\Work\\Project's\\Vamos\\vamos_desgin\\vamos-viajando\\app\\Providers\\AppServiceProvider.php:75)
[stacktrace]
#0 D:\\Work\\Project's\\Vamos\\vamos_desgin\\vamos-viajando\\app\\Providers\\AppServiceProvider.php(75): Illuminate\\Foundation\\Bootstrap\\HandleExceptions->handleError(8, 'Undefined varia...', 'D:\\\\Work\\\\Project...', 75, Array)
#1 [internal function]: App\\Providers\\AppServiceProvider->boot()
#2 D:\\Work\\Project's\\Vamos\\vamos_desgin\\vamos-viajando\\vendor\\laravel\\framework\\src\\Illuminate\\Container\\BoundMethod.php(32): call_user_func_array(Array, Array)
#3 D:\\Work\\Project's\\Vamos\\vamos_desgin\\vamos-viajando\\vendor\\laravel\\framework\\src\\Illuminate\\Container\\BoundMethod.php(90): Illuminate\\Container\\BoundMethod::Illuminate\\Container\\{closure}()
#4 D:\\Work\\Project's\\Vamos\\vamos_desgin\\vamos-viajando\\vendor\\laravel\\framework\\src\\Illuminate\\Container\\BoundMethod.php(34): Illuminate\\Container\\BoundMethod::callBoundMethod(Object(Illuminate\\Foundation\\Application), Array, Object(Closure))
#5 D:\\Work\\Project's\\Vamos\\vamos_desgin\\vamos-viajando\\vendor\\laravel\\framework\\src\\Illuminate\\Container\\Container.php(576): Illuminate\\Container\\BoundMethod::call(Object(Illuminate\\Foundation\\Application), Array, Array, NULL)
#6 D:\\Work\\Project's\\Vamos\\vamos_desgin\\vamos-viajando\\vendor\\laravel\\framework\\src\\Illuminate\\Foundation\\Application.php(827): Illuminate\\Container\\Container->call(Array)
#7 D:\\Work\\Project's\\Vamos\\vamos_desgin\\vamos-viajando\\vendor\\laravel\\framework\\src\\Illuminate\\Foundation\\Application.php(810): Illuminate\\Foundation\\Application->bootProvider(Object(App\\Providers\\AppServiceProvider))
#8 [internal function]: Illuminate\\Foundation\\Application->Illuminate\\Foundation\\{closure}(Object(App\\Providers\\AppServiceProvider), 23)
#9 D:\\Work\\Project's\\Vamos\\vamos_desgin\\vamos-viajando\\vendor\\laravel\\framework\\src\\Illuminate\\Foundation\\Application.php(811): array_walk(Array, Object(Closure))
#10 D:\\Work\\Project's\\Vamos\\vamos_desgin\\vamos-viajando\\vendor\\laravel\\framework\\src\\Illuminate\\Foundation\\Bootstrap\\BootProviders.php(17): Illuminate\\Foundation\\Application->boot()
#11 D:\\Work\\Project's\\Vamos\\vamos_desgin\\vamos-viajando\\vendor\\laravel\\framework\\src\\Illuminate\\Foundation\\Application.php(210): Illuminate\\Foundation\\Bootstrap\\BootProviders->bootstrap(Object(Illuminate\\Foundation\\Application))
#12 D:\\Work\\Project's\\Vamos\\vamos_desgin\\vamos-viajando\\vendor\\laravel\\framework\\src\\Illuminate\\Foundation\\Http\\Kernel.php(162): Illuminate\\Foundation\\Application->bootstrapWith(Array)
#13 D:\\Work\\Project's\\Vamos\\vamos_desgin\\vamos-viajando\\vendor\\laravel\\framework\\src\\Illuminate\\Foundation\\Http\\Kernel.php(146): Illuminate\\Foundation\\Http\\Kernel->bootstrap()
#14 D:\\Work\\Project's\\Vamos\\vamos_desgin\\vamos-viajando\\vendor\\laravel\\framework\\src\\Illuminate\\Foundation\\Http\\Kernel.php(116): Illuminate\\Foundation\\Http\\Kernel->sendRequestThroughRouter(Object(Illuminate\\Http\\Request))
#15 D:\\Work\\Project's\\Vamos\\vamos_desgin\\vamos-viajando\\public\\index.php(55): Illuminate\\Foundation\\Http\\Kernel->handle(Object(Illuminate\\Http\\Request))
#16 D:\\Work\\Project's\\Vamos\\vamos_desgin\\vamos-viajando\\server.php(21): require_once('D:\\\\Work\\\\Project...')
#17 {main}
"} 
[2023-01-29 19:48:29] local.ERROR: Undefined variable: request {"exception":"[object] (ErrorException(code: 0): Undefined variable: request at D:\\Work\\Project's\\Vamos\\vamos_desgin\\vamos-viajando\\app\\Providers\\AppServiceProvider.php:75)
[stacktrace]
#0 D:\\Work\\Project's\\Vamos\\vamos_desgin\\vamos-viajando\\app\\Providers\\AppServiceProvider.php(75): Illuminate\\Foundation\\Bootstrap\\HandleExceptions->handleError(8, 'Undefined varia...', 'D:\\\\Work\\\\Project...', 75, Array)
#1 [internal function]: App\\Providers\\AppServiceProvider->boot()
#2 D:\\Work\\Project's\\Vamos\\vamos_desgin\\vamos-viajando\\vendor\\laravel\\framework\\src\\Illuminate\\Container\\BoundMethod.php(32): call_user_func_array(Array, Array)
#3 D:\\Work\\Project's\\Vamos\\vamos_desgin\\vamos-viajando\\vendor\\laravel\\framework\\src\\Illuminate\\Container\\BoundMethod.php(90): Illuminate\\Container\\BoundMethod::Illuminate\\Container\\{closure}()
#4 D:\\Work\\Project's\\Vamos\\vamos_desgin\\vamos-viajando\\vendor\\laravel\\framework\\src\\Illuminate\\Container\\BoundMethod.php(34): Illuminate\\Container\\BoundMethod::callBoundMethod(Object(Illuminate\\Foundation\\Application), Array, Object(Closure))
#5 D:\\Work\\Project's\\Vamos\\vamos_desgin\\vamos-viajando\\vendor\\laravel\\framework\\src\\Illuminate\\Container\\Container.php(576): Illuminate\\Container\\BoundMethod::call(Object(Illuminate\\Foundation\\Application), Array, Array, NULL)
#6 D:\\Work\\Project's\\Vamos\\vamos_desgin\\vamos-viajando\\vendor\\laravel\\framework\\src\\Illuminate\\Foundation\\Application.php(827): Illuminate\\Container\\Container->call(Array)
#7 D:\\Work\\Project's\\Vamos\\vamos_desgin\\vamos-viajando\\vendor\\laravel\\framework\\src\\Illuminate\\Foundation\\Application.php(810): Illuminate\\Foundation\\Application->bootProvider(Object(App\\Providers\\AppServiceProvider))
#8 [internal function]: Illuminate\\Foundation\\Application->Illuminate\\Foundation\\{closure}(Object(App\\Providers\\AppServiceProvider), 23)
#9 D:\\Work\\Project's\\Vamos\\vamos_desgin\\vamos-viajando\\vendor\\laravel\\framework\\src\\Illuminate\\Foundation\\Application.php(811): array_walk(Array, Object(Closure))
#10 D:\\Work\\Project's\\Vamos\\vamos_desgin\\vamos-viajando\\vendor\\laravel\\framework\\src\\Illuminate\\Foundation\\Bootstrap\\BootProviders.php(17): Illuminate\\Foundation\\Application->boot()
#11 D:\\Work\\Project's\\Vamos\\vamos_desgin\\vamos-viajando\\vendor\\laravel\\framework\\src\\Illuminate\\Foundation\\Application.php(210): Illuminate\\Foundation\\Bootstrap\\BootProviders->bootstrap(Object(Illuminate\\Foundation\\Application))
#12 D:\\Work\\Project's\\Vamos\\vamos_desgin\\vamos-viajando\\vendor\\laravel\\framework\\src\\Illuminate\\Foundation\\Http\\Kernel.php(162): Illuminate\\Foundation\\Application->bootstrapWith(Array)
#13 D:\\Work\\Project's\\Vamos\\vamos_desgin\\vamos-viajando\\vendor\\laravel\\framework\\src\\Illuminate\\Foundation\\Http\\Kernel.php(146): Illuminate\\Foundation\\Http\\Kernel->bootstrap()
#14 D:\\Work\\Project's\\Vamos\\vamos_desgin\\vamos-viajando\\vendor\\laravel\\framework\\src\\Illuminate\\Foundation\\Http\\Kernel.php(116): Illuminate\\Foundation\\Http\\Kernel->sendRequestThroughRouter(Object(Illuminate\\Http\\Request))
#15 D:\\Work\\Project's\\Vamos\\vamos_desgin\\vamos-viajando\\public\\index.php(55): Illuminate\\Foundation\\Http\\Kernel->handle(Object(Illuminate\\Http\\Request))
#16 D:\\Work\\Project's\\Vamos\\vamos_desgin\\vamos-viajando\\server.php(21): require_once('D:\\\\Work\\\\Project...')
#17 {main}
"} 
[2023-01-29 19:48:31] local.ERROR: Undefined variable: request {"exception":"[object] (ErrorException(code: 0): Undefined variable: request at D:\\Work\\Project's\\Vamos\\vamos_desgin\\vamos-viajando\\app\\Providers\\AppServiceProvider.php:75)
[stacktrace]
#0 D:\\Work\\Project's\\Vamos\\vamos_desgin\\vamos-viajando\\app\\Providers\\AppServiceProvider.php(75): Illuminate\\Foundation\\Bootstrap\\HandleExceptions->handleError(8, 'Undefined varia...', 'D:\\\\Work\\\\Project...', 75, Array)
#1 [internal function]: App\\Providers\\AppServiceProvider->boot()
#2 D:\\Work\\Project's\\Vamos\\vamos_desgin\\vamos-viajando\\vendor\\laravel\\framework\\src\\Illuminate\\Container\\BoundMethod.php(32): call_user_func_array(Array, Array)
#3 D:\\Work\\Project's\\Vamos\\vamos_desgin\\vamos-viajando\\vendor\\laravel\\framework\\src\\Illuminate\\Container\\BoundMethod.php(90): Illuminate\\Container\\BoundMethod::Illuminate\\Container\\{closure}()
#4 D:\\Work\\Project's\\Vamos\\vamos_desgin\\vamos-viajando\\vendor\\laravel\\framework\\src\\Illuminate\\Container\\BoundMethod.php(34): Illuminate\\Container\\BoundMethod::callBoundMethod(Object(Illuminate\\Foundation\\Application), Array, Object(Closure))
#5 D:\\Work\\Project's\\Vamos\\vamos_desgin\\vamos-viajando\\vendor\\laravel\\framework\\src\\Illuminate\\Container\\Container.php(576): Illuminate\\Container\\BoundMethod::call(Object(Illuminate\\Foundation\\Application), Array, Array, NULL)
#6 D:\\Work\\Project's\\Vamos\\vamos_desgin\\vamos-viajando\\vendor\\laravel\\framework\\src\\Illuminate\\Foundation\\Application.php(827): Illuminate\\Container\\Container->call(Array)
#7 D:\\Work\\Project's\\Vamos\\vamos_desgin\\vamos-viajando\\vendor\\laravel\\framework\\src\\Illuminate\\Foundation\\Application.php(810): Illuminate\\Foundation\\Application->bootProvider(Object(App\\Providers\\AppServiceProvider))
#8 [internal function]: Illuminate\\Foundation\\Application->Illuminate\\Foundation\\{closure}(Object(App\\Providers\\AppServiceProvider), 23)
#9 D:\\Work\\Project's\\Vamos\\vamos_desgin\\vamos-viajando\\vendor\\laravel\\framework\\src\\Illuminate\\Foundation\\Application.php(811): array_walk(Array, Object(Closure))
#10 D:\\Work\\Project's\\Vamos\\vamos_desgin\\vamos-viajando\\vendor\\laravel\\framework\\src\\Illuminate\\Foundation\\Bootstrap\\BootProviders.php(17): Illuminate\\Foundation\\Application->boot()
#11 D:\\Work\\Project's\\Vamos\\vamos_desgin\\vamos-viajando\\vendor\\laravel\\framework\\src\\Illuminate\\Foundation\\Application.php(210): Illuminate\\Foundation\\Bootstrap\\BootProviders->bootstrap(Object(Illuminate\\Foundation\\Application))
#12 D:\\Work\\Project's\\Vamos\\vamos_desgin\\vamos-viajando\\vendor\\laravel\\framework\\src\\Illuminate\\Foundation\\Http\\Kernel.php(162): Illuminate\\Foundation\\Application->bootstrapWith(Array)
#13 D:\\Work\\Project's\\Vamos\\vamos_desgin\\vamos-viajando\\vendor\\laravel\\framework\\src\\Illuminate\\Foundation\\Http\\Kernel.php(146): Illuminate\\Foundation\\Http\\Kernel->bootstrap()
#14 D:\\Work\\Project's\\Vamos\\vamos_desgin\\vamos-viajando\\vendor\\laravel\\framework\\src\\Illuminate\\Foundation\\Http\\Kernel.php(116): Illuminate\\Foundation\\Http\\Kernel->sendRequestThroughRouter(Object(Illuminate\\Http\\Request))
#15 D:\\Work\\Project's\\Vamos\\vamos_desgin\\vamos-viajando\\public\\index.php(55): Illuminate\\Foundation\\Http\\Kernel->handle(Object(Illuminate\\Http\\Request))
#16 D:\\Work\\Project's\\Vamos\\vamos_desgin\\vamos-viajando\\server.php(21): require_once('D:\\\\Work\\\\Project...')
#17 {main}
"} 
[2023-01-29 19:48:37] local.ERROR: Undefined variable: request {"exception":"[object] (ErrorException(code: 0): Undefined variable: request at D:\\Work\\Project's\\Vamos\\vamos_desgin\\vamos-viajando\\app\\Providers\\AppServiceProvider.php:75)
[stacktrace]
#0 D:\\Work\\Project's\\Vamos\\vamos_desgin\\vamos-viajando\\app\\Providers\\AppServiceProvider.php(75): Illuminate\\Foundation\\Bootstrap\\HandleExceptions->handleError(8, 'Undefined varia...', 'D:\\\\Work\\\\Project...', 75, Array)
#1 [internal function]: App\\Providers\\AppServiceProvider->boot()
#2 D:\\Work\\Project's\\Vamos\\vamos_desgin\\vamos-viajando\\vendor\\laravel\\framework\\src\\Illuminate\\Container\\BoundMethod.php(32): call_user_func_array(Array, Array)
#3 D:\\Work\\Project's\\Vamos\\vamos_desgin\\vamos-viajando\\vendor\\laravel\\framework\\src\\Illuminate\\Container\\BoundMethod.php(90): Illuminate\\Container\\BoundMethod::Illuminate\\Container\\{closure}()
#4 D:\\Work\\Project's\\Vamos\\vamos_desgin\\vamos-viajando\\vendor\\laravel\\framework\\src\\Illuminate\\Container\\BoundMethod.php(34): Illuminate\\Container\\BoundMethod::callBoundMethod(Object(Illuminate\\Foundation\\Application), Array, Object(Closure))
#5 D:\\Work\\Project's\\Vamos\\vamos_desgin\\vamos-viajando\\vendor\\laravel\\framework\\src\\Illuminate\\Container\\Container.php(576): Illuminate\\Container\\BoundMethod::call(Object(Illuminate\\Foundation\\Application), Array, Array, NULL)
#6 D:\\Work\\Project's\\Vamos\\vamos_desgin\\vamos-viajando\\vendor\\laravel\\framework\\src\\Illuminate\\Foundation\\Application.php(827): Illuminate\\Container\\Container->call(Array)
#7 D:\\Work\\Project's\\Vamos\\vamos_desgin\\vamos-viajando\\vendor\\laravel\\framework\\src\\Illuminate\\Foundation\\Application.php(810): Illuminate\\Foundation\\Application->bootProvider(Object(App\\Providers\\AppServiceProvider))
#8 [internal function]: Illuminate\\Foundation\\Application->Illuminate\\Foundation\\{closure}(Object(App\\Providers\\AppServiceProvider), 23)
#9 D:\\Work\\Project's\\Vamos\\vamos_desgin\\vamos-viajando\\vendor\\laravel\\framework\\src\\Illuminate\\Foundation\\Application.php(811): array_walk(Array, Object(Closure))
#10 D:\\Work\\Project's\\Vamos\\vamos_desgin\\vamos-viajando\\vendor\\laravel\\framework\\src\\Illuminate\\Foundation\\Bootstrap\\BootProviders.php(17): Illuminate\\Foundation\\Application->boot()
#11 D:\\Work\\Project's\\Vamos\\vamos_desgin\\vamos-viajando\\vendor\\laravel\\framework\\src\\Illuminate\\Foundation\\Application.php(210): Illuminate\\Foundation\\Bootstrap\\BootProviders->bootstrap(Object(Illuminate\\Foundation\\Application))
#12 D:\\Work\\Project's\\Vamos\\vamos_desgin\\vamos-viajando\\vendor\\laravel\\framework\\src\\Illuminate\\Foundation\\Http\\Kernel.php(162): Illuminate\\Foundation\\Application->bootstrapWith(Array)
#13 D:\\Work\\Project's\\Vamos\\vamos_desgin\\vamos-viajando\\vendor\\laravel\\framework\\src\\Illuminate\\Foundation\\Http\\Kernel.php(146): Illuminate\\Foundation\\Http\\Kernel->bootstrap()
#14 D:\\Work\\Project's\\Vamos\\vamos_desgin\\vamos-viajando\\vendor\\laravel\\framework\\src\\Illuminate\\Foundation\\Http\\Kernel.php(116): Illuminate\\Foundation\\Http\\Kernel->sendRequestThroughRouter(Object(Illuminate\\Http\\Request))
#15 D:\\Work\\Project's\\Vamos\\vamos_desgin\\vamos-viajando\\public\\index.php(55): Illuminate\\Foundation\\Http\\Kernel->handle(Object(Illuminate\\Http\\Request))
#16 D:\\Work\\Project's\\Vamos\\vamos_desgin\\vamos-viajando\\server.php(21): require_once('D:\\\\Work\\\\Project...')
#17 {main}
"} 
[2023-01-29 19:48:38] local.ERROR: Undefined variable: request {"exception":"[object] (ErrorException(code: 0): Undefined variable: request at D:\\Work\\Project's\\Vamos\\vamos_desgin\\vamos-viajando\\app\\Providers\\AppServiceProvider.php:75)
[stacktrace]
#0 D:\\Work\\Project's\\Vamos\\vamos_desgin\\vamos-viajando\\app\\Providers\\AppServiceProvider.php(75): Illuminate\\Foundation\\Bootstrap\\HandleExceptions->handleError(8, 'Undefined varia...', 'D:\\\\Work\\\\Project...', 75, Array)
#1 [internal function]: App\\Providers\\AppServiceProvider->boot()
#2 D:\\Work\\Project's\\Vamos\\vamos_desgin\\vamos-viajando\\vendor\\laravel\\framework\\src\\Illuminate\\Container\\BoundMethod.php(32): call_user_func_array(Array, Array)
#3 D:\\Work\\Project's\\Vamos\\vamos_desgin\\vamos-viajando\\vendor\\laravel\\framework\\src\\Illuminate\\Container\\BoundMethod.php(90): Illuminate\\Container\\BoundMethod::Illuminate\\Container\\{closure}()
#4 D:\\Work\\Project's\\Vamos\\vamos_desgin\\vamos-viajando\\vendor\\laravel\\framework\\src\\Illuminate\\Container\\BoundMethod.php(34): Illuminate\\Container\\BoundMethod::callBoundMethod(Object(Illuminate\\Foundation\\Application), Array, Object(Closure))
#5 D:\\Work\\Project's\\Vamos\\vamos_desgin\\vamos-viajando\\vendor\\laravel\\framework\\src\\Illuminate\\Container\\Container.php(576): Illuminate\\Container\\BoundMethod::call(Object(Illuminate\\Foundation\\Application), Array, Array, NULL)
#6 D:\\Work\\Project's\\Vamos\\vamos_desgin\\vamos-viajando\\vendor\\laravel\\framework\\src\\Illuminate\\Foundation\\Application.php(827): Illuminate\\Container\\Container->call(Array)
#7 D:\\Work\\Project's\\Vamos\\vamos_desgin\\vamos-viajando\\vendor\\laravel\\framework\\src\\Illuminate\\Foundation\\Application.php(810): Illuminate\\Foundation\\Application->bootProvider(Object(App\\Providers\\AppServiceProvider))
#8 [internal function]: Illuminate\\Foundation\\Application->Illuminate\\Foundation\\{closure}(Object(App\\Providers\\AppServiceProvider), 23)
#9 D:\\Work\\Project's\\Vamos\\vamos_desgin\\vamos-viajando\\vendor\\laravel\\framework\\src\\Illuminate\\Foundation\\Application.php(811): array_walk(Array, Object(Closure))
#10 D:\\Work\\Project's\\Vamos\\vamos_desgin\\vamos-viajando\\vendor\\laravel\\framework\\src\\Illuminate\\Foundation\\Bootstrap\\BootProviders.php(17): Illuminate\\Foundation\\Application->boot()
#11 D:\\Work\\Project's\\Vamos\\vamos_desgin\\vamos-viajando\\vendor\\laravel\\framework\\src\\Illuminate\\Foundation\\Application.php(210): Illuminate\\Foundation\\Bootstrap\\BootProviders->bootstrap(Object(Illuminate\\Foundation\\Application))
#12 D:\\Work\\Project's\\Vamos\\vamos_desgin\\vamos-viajando\\vendor\\laravel\\framework\\src\\Illuminate\\Foundation\\Http\\Kernel.php(162): Illuminate\\Foundation\\Application->bootstrapWith(Array)
#13 D:\\Work\\Project's\\Vamos\\vamos_desgin\\vamos-viajando\\vendor\\laravel\\framework\\src\\Illuminate\\Foundation\\Http\\Kernel.php(146): Illuminate\\Foundation\\Http\\Kernel->bootstrap()
#14 D:\\Work\\Project's\\Vamos\\vamos_desgin\\vamos-viajando\\vendor\\laravel\\framework\\src\\Illuminate\\Foundation\\Http\\Kernel.php(116): Illuminate\\Foundation\\Http\\Kernel->sendRequestThroughRouter(Object(Illuminate\\Http\\Request))
#15 D:\\Work\\Project's\\Vamos\\vamos_desgin\\vamos-viajando\\public\\index.php(55): Illuminate\\Foundation\\Http\\Kernel->handle(Object(Illuminate\\Http\\Request))
#16 D:\\Work\\Project's\\Vamos\\vamos_desgin\\vamos-viajando\\server.php(21): require_once('D:\\\\Work\\\\Project...')
#17 {main}
"} 
[2023-01-29 19:48:38] local.ERROR: Undefined variable: request {"exception":"[object] (ErrorException(code: 0): Undefined variable: request at D:\\Work\\Project's\\Vamos\\vamos_desgin\\vamos-viajando\\app\\Providers\\AppServiceProvider.php:75)
[stacktrace]
#0 D:\\Work\\Project's\\Vamos\\vamos_desgin\\vamos-viajando\\app\\Providers\\AppServiceProvider.php(75): Illuminate\\Foundation\\Bootstrap\\HandleExceptions->handleError(8, 'Undefined varia...', 'D:\\\\Work\\\\Project...', 75, Array)
#1 [internal function]: App\\Providers\\AppServiceProvider->boot()
#2 D:\\Work\\Project's\\Vamos\\vamos_desgin\\vamos-viajando\\vendor\\laravel\\framework\\src\\Illuminate\\Container\\BoundMethod.php(32): call_user_func_array(Array, Array)
#3 D:\\Work\\Project's\\Vamos\\vamos_desgin\\vamos-viajando\\vendor\\laravel\\framework\\src\\Illuminate\\Container\\BoundMethod.php(90): Illuminate\\Container\\BoundMethod::Illuminate\\Container\\{closure}()
#4 D:\\Work\\Project's\\Vamos\\vamos_desgin\\vamos-viajando\\vendor\\laravel\\framework\\src\\Illuminate\\Container\\BoundMethod.php(34): Illuminate\\Container\\BoundMethod::callBoundMethod(Object(Illuminate\\Foundation\\Application), Array, Object(Closure))
#5 D:\\Work\\Project's\\Vamos\\vamos_desgin\\vamos-viajando\\vendor\\laravel\\framework\\src\\Illuminate\\Container\\Container.php(576): Illuminate\\Container\\BoundMethod::call(Object(Illuminate\\Foundation\\Application), Array, Array, NULL)
#6 D:\\Work\\Project's\\Vamos\\vamos_desgin\\vamos-viajando\\vendor\\laravel\\framework\\src\\Illuminate\\Foundation\\Application.php(827): Illuminate\\Container\\Container->call(Array)
#7 D:\\Work\\Project's\\Vamos\\vamos_desgin\\vamos-viajando\\vendor\\laravel\\framework\\src\\Illuminate\\Foundation\\Application.php(810): Illuminate\\Foundation\\Application->bootProvider(Object(App\\Providers\\AppServiceProvider))
#8 [internal function]: Illuminate\\Foundation\\Application->Illuminate\\Foundation\\{closure}(Object(App\\Providers\\AppServiceProvider), 23)
#9 D:\\Work\\Project's\\Vamos\\vamos_desgin\\vamos-viajando\\vendor\\laravel\\framework\\src\\Illuminate\\Foundation\\Application.php(811): array_walk(Array, Object(Closure))
#10 D:\\Work\\Project's\\Vamos\\vamos_desgin\\vamos-viajando\\vendor\\laravel\\framework\\src\\Illuminate\\Foundation\\Bootstrap\\BootProviders.php(17): Illuminate\\Foundation\\Application->boot()
#11 D:\\Work\\Project's\\Vamos\\vamos_desgin\\vamos-viajando\\vendor\\laravel\\framework\\src\\Illuminate\\Foundation\\Application.php(210): Illuminate\\Foundation\\Bootstrap\\BootProviders->bootstrap(Object(Illuminate\\Foundation\\Application))
#12 D:\\Work\\Project's\\Vamos\\vamos_desgin\\vamos-viajando\\vendor\\laravel\\framework\\src\\Illuminate\\Foundation\\Http\\Kernel.php(162): Illuminate\\Foundation\\Application->bootstrapWith(Array)
#13 D:\\Work\\Project's\\Vamos\\vamos_desgin\\vamos-viajando\\vendor\\laravel\\framework\\src\\Illuminate\\Foundation\\Http\\Kernel.php(146): Illuminate\\Foundation\\Http\\Kernel->bootstrap()
#14 D:\\Work\\Project's\\Vamos\\vamos_desgin\\vamos-viajando\\vendor\\laravel\\framework\\src\\Illuminate\\Foundation\\Http\\Kernel.php(116): Illuminate\\Foundation\\Http\\Kernel->sendRequestThroughRouter(Object(Illuminate\\Http\\Request))
#15 D:\\Work\\Project's\\Vamos\\vamos_desgin\\vamos-viajando\\public\\index.php(55): Illuminate\\Foundation\\Http\\Kernel->handle(Object(Illuminate\\Http\\Request))
#16 D:\\Work\\Project's\\Vamos\\vamos_desgin\\vamos-viajando\\server.php(21): require_once('D:\\\\Work\\\\Project...')
#17 {main}
"} 
[2023-01-29 19:48:40] local.ERROR: Undefined variable: request {"exception":"[object] (ErrorException(code: 0): Undefined variable: request at D:\\Work\\Project's\\Vamos\\vamos_desgin\\vamos-viajando\\app\\Providers\\AppServiceProvider.php:75)
[stacktrace]
#0 D:\\Work\\Project's\\Vamos\\vamos_desgin\\vamos-viajando\\app\\Providers\\AppServiceProvider.php(75): Illuminate\\Foundation\\Bootstrap\\HandleExceptions->handleError(8, 'Undefined varia...', 'D:\\\\Work\\\\Project...', 75, Array)
#1 [internal function]: App\\Providers\\AppServiceProvider->boot()
#2 D:\\Work\\Project's\\Vamos\\vamos_desgin\\vamos-viajando\\vendor\\laravel\\framework\\src\\Illuminate\\Container\\BoundMethod.php(32): call_user_func_array(Array, Array)
#3 D:\\Work\\Project's\\Vamos\\vamos_desgin\\vamos-viajando\\vendor\\laravel\\framework\\src\\Illuminate\\Container\\BoundMethod.php(90): Illuminate\\Container\\BoundMethod::Illuminate\\Container\\{closure}()
#4 D:\\Work\\Project's\\Vamos\\vamos_desgin\\vamos-viajando\\vendor\\laravel\\framework\\src\\Illuminate\\Container\\BoundMethod.php(34): Illuminate\\Container\\BoundMethod::callBoundMethod(Object(Illuminate\\Foundation\\Application), Array, Object(Closure))
#5 D:\\Work\\Project's\\Vamos\\vamos_desgin\\vamos-viajando\\vendor\\laravel\\framework\\src\\Illuminate\\Container\\Container.php(576): Illuminate\\Container\\BoundMethod::call(Object(Illuminate\\Foundation\\Application), Array, Array, NULL)
#6 D:\\Work\\Project's\\Vamos\\vamos_desgin\\vamos-viajando\\vendor\\laravel\\framework\\src\\Illuminate\\Foundation\\Application.php(827): Illuminate\\Container\\Container->call(Array)
#7 D:\\Work\\Project's\\Vamos\\vamos_desgin\\vamos-viajando\\vendor\\laravel\\framework\\src\\Illuminate\\Foundation\\Application.php(810): Illuminate\\Foundation\\Application->bootProvider(Object(App\\Providers\\AppServiceProvider))
#8 [internal function]: Illuminate\\Foundation\\Application->Illuminate\\Foundation\\{closure}(Object(App\\Providers\\AppServiceProvider), 23)
#9 D:\\Work\\Project's\\Vamos\\vamos_desgin\\vamos-viajando\\vendor\\laravel\\framework\\src\\Illuminate\\Foundation\\Application.php(811): array_walk(Array, Object(Closure))
#10 D:\\Work\\Project's\\Vamos\\vamos_desgin\\vamos-viajando\\vendor\\laravel\\framework\\src\\Illuminate\\Foundation\\Bootstrap\\BootProviders.php(17): Illuminate\\Foundation\\Application->boot()
#11 D:\\Work\\Project's\\Vamos\\vamos_desgin\\vamos-viajando\\vendor\\laravel\\framework\\src\\Illuminate\\Foundation\\Application.php(210): Illuminate\\Foundation\\Bootstrap\\BootProviders->bootstrap(Object(Illuminate\\Foundation\\Application))
#12 D:\\Work\\Project's\\Vamos\\vamos_desgin\\vamos-viajando\\vendor\\laravel\\framework\\src\\Illuminate\\Foundation\\Http\\Kernel.php(162): Illuminate\\Foundation\\Application->bootstrapWith(Array)
#13 D:\\Work\\Project's\\Vamos\\vamos_desgin\\vamos-viajando\\vendor\\laravel\\framework\\src\\Illuminate\\Foundation\\Http\\Kernel.php(146): Illuminate\\Foundation\\Http\\Kernel->bootstrap()
#14 D:\\Work\\Project's\\Vamos\\vamos_desgin\\vamos-viajando\\vendor\\laravel\\framework\\src\\Illuminate\\Foundation\\Http\\Kernel.php(116): Illuminate\\Foundation\\Http\\Kernel->sendRequestThroughRouter(Object(Illuminate\\Http\\Request))
#15 D:\\Work\\Project's\\Vamos\\vamos_desgin\\vamos-viajando\\public\\index.php(55): Illuminate\\Foundation\\Http\\Kernel->handle(Object(Illuminate\\Http\\Request))
#16 D:\\Work\\Project's\\Vamos\\vamos_desgin\\vamos-viajando\\server.php(21): require_once('D:\\\\Work\\\\Project...')
#17 {main}
"} 
