[2023-01-04 12:46:57] local.ERROR: SQLSTATE[42S21]: Column already exists: 1060 Duplicate column name 'itinerary_types_id' (SQL: alter table `itineraries` add `itinerary_types_id` bigint unsigned not null) {"exception":"[object] (Illuminate\\Database\\QueryException(code: 42S21): SQLSTATE[42S21]: Column already exists: 1060 Duplicate column name 'itinerary_types_id' (SQL: alter table `itineraries` add `itinerary_types_id` bigint unsigned not null) at D:\\Work\\Project's\\Vamos\\vamos_desgin\\vamos-viajando\\vendor\\laravel\\framework\\src\\Illuminate\\Database\\Connection.php:664, PDOException(code: 42S21): SQLSTATE[42S21]: Column already exists: 1060 Duplicate column name 'itinerary_types_id' at D:\\Work\\Project's\\Vamos\\vamos_desgin\\vamos-viajando\\vendor\\laravel\\framework\\src\\Illuminate\\Database\\Connection.php:458)
[stacktrace]
#0 D:\\Work\\Project's\\Vamos\\vamos_desgin\\vamos-viajando\\vendor\\laravel\\framework\\src\\Illuminate\\Database\\Connection.php(624): Illuminate\\Database\\Connection->runQueryCallback('alter table `it...', Array, Object(Closure))
#1 D:\\Work\\Project's\\Vamos\\vamos_desgin\\vamos-viajando\\vendor\\laravel\\framework\\src\\Illuminate\\Database\\Connection.php(459): Illuminate\\Database\\Connection->run('alter table `it...', Array, Object(Closure))
#2 D:\\Work\\Project's\\Vamos\\vamos_desgin\\vamos-viajando\\vendor\\laravel\\framework\\src\\Illuminate\\Database\\Schema\\Blueprint.php(97): Illuminate\\Database\\Connection->statement('alter table `it...')
#3 D:\\Work\\Project's\\Vamos\\vamos_desgin\\vamos-viajando\\vendor\\laravel\\framework\\src\\Illuminate\\Database\\Schema\\Builder.php(278): Illuminate\\Database\\Schema\\Blueprint->build(Object(Illuminate\\Database\\MySqlConnection), Object(Illuminate\\Database\\Schema\\Grammars\\MySqlGrammar))
#4 D:\\Work\\Project's\\Vamos\\vamos_desgin\\vamos-viajando\\vendor\\laravel\\framework\\src\\Illuminate\\Database\\Schema\\Builder.php(151): Illuminate\\Database\\Schema\\Builder->build(Object(Illuminate\\Database\\Schema\\Blueprint))
#5 D:\\Work\\Project's\\Vamos\\vamos_desgin\\vamos-viajando\\vendor\\laravel\\framework\\src\\Illuminate\\Support\\Facades\\Facade.php(239): Illuminate\\Database\\Schema\\Builder->table('itineraries', Object(Closure))
#6 D:\\Work\\Project's\\Vamos\\vamos_desgin\\vamos-viajando\\database\\migrations\\2022_12_20_165632_add_itinerary_types_id_to_itineraries.php(19): Illuminate\\Support\\Facades\\Facade::__callStatic('table', Array)
#7 D:\\Work\\Project's\\Vamos\\vamos_desgin\\vamos-viajando\\vendor\\laravel\\framework\\src\\Illuminate\\Database\\Migrations\\Migrator.php(387): AddItineraryTypesIdToItineraries->up()
#8 D:\\Work\\Project's\\Vamos\\vamos_desgin\\vamos-viajando\\vendor\\laravel\\framework\\src\\Illuminate\\Database\\Migrations\\Migrator.php(396): Illuminate\\Database\\Migrations\\Migrator->Illuminate\\Database\\Migrations\\{closure}()
#9 D:\\Work\\Project's\\Vamos\\vamos_desgin\\vamos-viajando\\vendor\\laravel\\framework\\src\\Illuminate\\Database\\Migrations\\Migrator.php(197): Illuminate\\Database\\Migrations\\Migrator->runMigration(Object(AddItineraryTypesIdToItineraries), 'up')
#10 D:\\Work\\Project's\\Vamos\\vamos_desgin\\vamos-viajando\\vendor\\laravel\\framework\\src\\Illuminate\\Database\\Migrations\\Migrator.php(162): Illuminate\\Database\\Migrations\\Migrator->runUp('D:\\\\Work\\\\Project...', 38, false)
#11 D:\\Work\\Project's\\Vamos\\vamos_desgin\\vamos-viajando\\vendor\\laravel\\framework\\src\\Illuminate\\Database\\Migrations\\Migrator.php(109): Illuminate\\Database\\Migrations\\Migrator->runPending(Array, Array)
#12 D:\\Work\\Project's\\Vamos\\vamos_desgin\\vamos-viajando\\vendor\\laravel\\framework\\src\\Illuminate\\Database\\Console\\Migrations\\MigrateCommand.php(71): Illuminate\\Database\\Migrations\\Migrator->run(Array, Array)
#13 [internal function]: Illuminate\\Database\\Console\\Migrations\\MigrateCommand->handle()
#14 D:\\Work\\Project's\\Vamos\\vamos_desgin\\vamos-viajando\\vendor\\laravel\\framework\\src\\Illuminate\\Container\\BoundMethod.php(32): call_user_func_array(Array, Array)
#15 D:\\Work\\Project's\\Vamos\\vamos_desgin\\vamos-viajando\\vendor\\laravel\\framework\\src\\Illuminate\\Container\\BoundMethod.php(90): Illuminate\\Container\\BoundMethod::Illuminate\\Container\\{closure}()
#16 D:\\Work\\Project's\\Vamos\\vamos_desgin\\vamos-viajando\\vendor\\laravel\\framework\\src\\Illuminate\\Container\\BoundMethod.php(34): Illuminate\\Container\\BoundMethod::callBoundMethod(Object(Illuminate\\Foundation\\Application), Array, Object(Closure))
#17 D:\\Work\\Project's\\Vamos\\vamos_desgin\\vamos-viajando\\vendor\\laravel\\framework\\src\\Illuminate\\Container\\Container.php(576): Illuminate\\Container\\BoundMethod::call(Object(Illuminate\\Foundation\\Application), Array, Array, NULL)
#18 D:\\Work\\Project's\\Vamos\\vamos_desgin\\vamos-viajando\\vendor\\laravel\\framework\\src\\Illuminate\\Console\\Command.php(183): Illuminate\\Container\\Container->call(Array)
#19 D:\\Work\\Project's\\Vamos\\vamos_desgin\\vamos-viajando\\vendor\\symfony\\console\\Command\\Command.php(255): Illuminate\\Console\\Command->execute(Object(Symfony\\Component\\Console\\Input\\ArgvInput), Object(Illuminate\\Console\\OutputStyle))
#20 D:\\Work\\Project's\\Vamos\\vamos_desgin\\vamos-viajando\\vendor\\laravel\\framework\\src\\Illuminate\\Console\\Command.php(170): Symfony\\Component\\Console\\Command\\Command->run(Object(Symfony\\Component\\Console\\Input\\ArgvInput), Object(Illuminate\\Console\\OutputStyle))
#21 D:\\Work\\Project's\\Vamos\\vamos_desgin\\vamos-viajando\\vendor\\symfony\\console\\Application.php(1009): Illuminate\\Console\\Command->run(Object(Symfony\\Component\\Console\\Input\\ArgvInput), Object(Symfony\\Component\\Console\\Output\\ConsoleOutput))
#22 D:\\Work\\Project's\\Vamos\\vamos_desgin\\vamos-viajando\\vendor\\symfony\\console\\Application.php(273): Symfony\\Component\\Console\\Application->doRunCommand(Object(Illuminate\\Database\\Console\\Migrations\\MigrateCommand), Object(Symfony\\Component\\Console\\Input\\ArgvInput), Object(Symfony\\Component\\Console\\Output\\ConsoleOutput))
#23 D:\\Work\\Project's\\Vamos\\vamos_desgin\\vamos-viajando\\vendor\\symfony\\console\\Application.php(149): Symfony\\Component\\Console\\Application->doRun(Object(Symfony\\Component\\Console\\Input\\ArgvInput), Object(Symfony\\Component\\Console\\Output\\ConsoleOutput))
#24 D:\\Work\\Project's\\Vamos\\vamos_desgin\\vamos-viajando\\vendor\\laravel\\framework\\src\\Illuminate\\Console\\Application.php(90): Symfony\\Component\\Console\\Application->run(Object(Symfony\\Component\\Console\\Input\\ArgvInput), Object(Symfony\\Component\\Console\\Output\\ConsoleOutput))
#25 D:\\Work\\Project's\\Vamos\\vamos_desgin\\vamos-viajando\\vendor\\laravel\\framework\\src\\Illuminate\\Foundation\\Console\\Kernel.php(133): Illuminate\\Console\\Application->run(Object(Symfony\\Component\\Console\\Input\\ArgvInput), Object(Symfony\\Component\\Console\\Output\\ConsoleOutput))
#26 D:\\Work\\Project's\\Vamos\\vamos_desgin\\vamos-viajando\\artisan(37): Illuminate\\Foundation\\Console\\Kernel->handle(Object(Symfony\\Component\\Console\\Input\\ArgvInput), Object(Symfony\\Component\\Console\\Output\\ConsoleOutput))
#27 {main}
"} 
[2023-01-04 12:48:54] local.ERROR: SQLSTATE[42S21]: Column already exists: 1060 Duplicate column name 'itinerary_types_id' (SQL: alter table `itineraries` add `itinerary_types_id` bigint unsigned not null) {"exception":"[object] (Illuminate\\Database\\QueryException(code: 42S21): SQLSTATE[42S21]: Column already exists: 1060 Duplicate column name 'itinerary_types_id' (SQL: alter table `itineraries` add `itinerary_types_id` bigint unsigned not null) at D:\\Work\\Project's\\Vamos\\vamos_desgin\\vamos-viajando\\vendor\\laravel\\framework\\src\\Illuminate\\Database\\Connection.php:664, PDOException(code: 42S21): SQLSTATE[42S21]: Column already exists: 1060 Duplicate column name 'itinerary_types_id' at D:\\Work\\Project's\\Vamos\\vamos_desgin\\vamos-viajando\\vendor\\laravel\\framework\\src\\Illuminate\\Database\\Connection.php:458)
[stacktrace]
#0 D:\\Work\\Project's\\Vamos\\vamos_desgin\\vamos-viajando\\vendor\\laravel\\framework\\src\\Illuminate\\Database\\Connection.php(624): Illuminate\\Database\\Connection->runQueryCallback('alter table `it...', Array, Object(Closure))
#1 D:\\Work\\Project's\\Vamos\\vamos_desgin\\vamos-viajando\\vendor\\laravel\\framework\\src\\Illuminate\\Database\\Connection.php(459): Illuminate\\Database\\Connection->run('alter table `it...', Array, Object(Closure))
#2 D:\\Work\\Project's\\Vamos\\vamos_desgin\\vamos-viajando\\vendor\\laravel\\framework\\src\\Illuminate\\Database\\Schema\\Blueprint.php(97): Illuminate\\Database\\Connection->statement('alter table `it...')
#3 D:\\Work\\Project's\\Vamos\\vamos_desgin\\vamos-viajando\\vendor\\laravel\\framework\\src\\Illuminate\\Database\\Schema\\Builder.php(278): Illuminate\\Database\\Schema\\Blueprint->build(Object(Illuminate\\Database\\MySqlConnection), Object(Illuminate\\Database\\Schema\\Grammars\\MySqlGrammar))
#4 D:\\Work\\Project's\\Vamos\\vamos_desgin\\vamos-viajando\\vendor\\laravel\\framework\\src\\Illuminate\\Database\\Schema\\Builder.php(151): Illuminate\\Database\\Schema\\Builder->build(Object(Illuminate\\Database\\Schema\\Blueprint))
#5 D:\\Work\\Project's\\Vamos\\vamos_desgin\\vamos-viajando\\vendor\\laravel\\framework\\src\\Illuminate\\Support\\Facades\\Facade.php(239): Illuminate\\Database\\Schema\\Builder->table('itineraries', Object(Closure))
#6 D:\\Work\\Project's\\Vamos\\vamos_desgin\\vamos-viajando\\database\\migrations\\2022_12_20_165632_add_itinerary_types_id_to_itineraries.php(19): Illuminate\\Support\\Facades\\Facade::__callStatic('table', Array)
#7 D:\\Work\\Project's\\Vamos\\vamos_desgin\\vamos-viajando\\vendor\\laravel\\framework\\src\\Illuminate\\Database\\Migrations\\Migrator.php(387): AddItineraryTypesIdToItineraries->up()
#8 D:\\Work\\Project's\\Vamos\\vamos_desgin\\vamos-viajando\\vendor\\laravel\\framework\\src\\Illuminate\\Database\\Migrations\\Migrator.php(396): Illuminate\\Database\\Migrations\\Migrator->Illuminate\\Database\\Migrations\\{closure}()
#9 D:\\Work\\Project's\\Vamos\\vamos_desgin\\vamos-viajando\\vendor\\laravel\\framework\\src\\Illuminate\\Database\\Migrations\\Migrator.php(197): Illuminate\\Database\\Migrations\\Migrator->runMigration(Object(AddItineraryTypesIdToItineraries), 'up')
#10 D:\\Work\\Project's\\Vamos\\vamos_desgin\\vamos-viajando\\vendor\\laravel\\framework\\src\\Illuminate\\Database\\Migrations\\Migrator.php(162): Illuminate\\Database\\Migrations\\Migrator->runUp('D:\\\\Work\\\\Project...', 38, false)
#11 D:\\Work\\Project's\\Vamos\\vamos_desgin\\vamos-viajando\\vendor\\laravel\\framework\\src\\Illuminate\\Database\\Migrations\\Migrator.php(109): Illuminate\\Database\\Migrations\\Migrator->runPending(Array, Array)
#12 D:\\Work\\Project's\\Vamos\\vamos_desgin\\vamos-viajando\\vendor\\laravel\\framework\\src\\Illuminate\\Database\\Console\\Migrations\\MigrateCommand.php(71): Illuminate\\Database\\Migrations\\Migrator->run(Array, Array)
#13 [internal function]: Illuminate\\Database\\Console\\Migrations\\MigrateCommand->handle()
#14 D:\\Work\\Project's\\Vamos\\vamos_desgin\\vamos-viajando\\vendor\\laravel\\framework\\src\\Illuminate\\Container\\BoundMethod.php(32): call_user_func_array(Array, Array)
#15 D:\\Work\\Project's\\Vamos\\vamos_desgin\\vamos-viajando\\vendor\\laravel\\framework\\src\\Illuminate\\Container\\BoundMethod.php(90): Illuminate\\Container\\BoundMethod::Illuminate\\Container\\{closure}()
#16 D:\\Work\\Project's\\Vamos\\vamos_desgin\\vamos-viajando\\vendor\\laravel\\framework\\src\\Illuminate\\Container\\BoundMethod.php(34): Illuminate\\Container\\BoundMethod::callBoundMethod(Object(Illuminate\\Foundation\\Application), Array, Object(Closure))
#17 D:\\Work\\Project's\\Vamos\\vamos_desgin\\vamos-viajando\\vendor\\laravel\\framework\\src\\Illuminate\\Container\\Container.php(576): Illuminate\\Container\\BoundMethod::call(Object(Illuminate\\Foundation\\Application), Array, Array, NULL)
#18 D:\\Work\\Project's\\Vamos\\vamos_desgin\\vamos-viajando\\vendor\\laravel\\framework\\src\\Illuminate\\Console\\Command.php(183): Illuminate\\Container\\Container->call(Array)
#19 D:\\Work\\Project's\\Vamos\\vamos_desgin\\vamos-viajando\\vendor\\symfony\\console\\Command\\Command.php(255): Illuminate\\Console\\Command->execute(Object(Symfony\\Component\\Console\\Input\\ArgvInput), Object(Illuminate\\Console\\OutputStyle))
#20 D:\\Work\\Project's\\Vamos\\vamos_desgin\\vamos-viajando\\vendor\\laravel\\framework\\src\\Illuminate\\Console\\Command.php(170): Symfony\\Component\\Console\\Command\\Command->run(Object(Symfony\\Component\\Console\\Input\\ArgvInput), Object(Illuminate\\Console\\OutputStyle))
#21 D:\\Work\\Project's\\Vamos\\vamos_desgin\\vamos-viajando\\vendor\\symfony\\console\\Application.php(1009): Illuminate\\Console\\Command->run(Object(Symfony\\Component\\Console\\Input\\ArgvInput), Object(Symfony\\Component\\Console\\Output\\ConsoleOutput))
#22 D:\\Work\\Project's\\Vamos\\vamos_desgin\\vamos-viajando\\vendor\\symfony\\console\\Application.php(273): Symfony\\Component\\Console\\Application->doRunCommand(Object(Illuminate\\Database\\Console\\Migrations\\MigrateCommand), Object(Symfony\\Component\\Console\\Input\\ArgvInput), Object(Symfony\\Component\\Console\\Output\\ConsoleOutput))
#23 D:\\Work\\Project's\\Vamos\\vamos_desgin\\vamos-viajando\\vendor\\symfony\\console\\Application.php(149): Symfony\\Component\\Console\\Application->doRun(Object(Symfony\\Component\\Console\\Input\\ArgvInput), Object(Symfony\\Component\\Console\\Output\\ConsoleOutput))
#24 D:\\Work\\Project's\\Vamos\\vamos_desgin\\vamos-viajando\\vendor\\laravel\\framework\\src\\Illuminate\\Console\\Application.php(90): Symfony\\Component\\Console\\Application->run(Object(Symfony\\Component\\Console\\Input\\ArgvInput), Object(Symfony\\Component\\Console\\Output\\ConsoleOutput))
#25 D:\\Work\\Project's\\Vamos\\vamos_desgin\\vamos-viajando\\vendor\\laravel\\framework\\src\\Illuminate\\Foundation\\Console\\Kernel.php(133): Illuminate\\Console\\Application->run(Object(Symfony\\Component\\Console\\Input\\ArgvInput), Object(Symfony\\Component\\Console\\Output\\ConsoleOutput))
#26 D:\\Work\\Project's\\Vamos\\vamos_desgin\\vamos-viajando\\artisan(37): Illuminate\\Foundation\\Console\\Kernel->handle(Object(Symfony\\Component\\Console\\Input\\ArgvInput), Object(Symfony\\Component\\Console\\Output\\ConsoleOutput))
#27 {main}
"} 
